REGRESSION TEST R1: Full pytest suite
Command: pytest tests/ -v
Expected: ALL 122 tests pass

RESULT: PASS
============================= test session starts ==============================
platform linux -- Python 3.12.3, pytest-9.0.2, pluggy-1.6.0
rootdir: /home/apexaipc/projects/yce-harness/generations/metroplex-ideaforge-10
collected 122 items

All test modules:
- tests/test_cli.py: 18 tests PASSED
- tests/test_core.py: 37 tests PASSED
- tests/test_file_io.py: 15 tests PASSED
- tests/test_logging.py: 25 tests PASSED
- tests/test_security.py: 27 tests PASSED

============================= 122 passed in 0.45s ===============================

ALL TESTS PASSED - No regressions detected
