============================= test session starts ==============================
platform linux -- Python 3.12.3, pytest-9.0.2, pluggy-1.6.0 -- /home/apexaipc/projects/yce-harness/generations/metroplex-ideaforge-10/venv/bin/python
cachedir: .pytest_cache
rootdir: /home/apexaipc/projects/yce-harness/generations/metroplex-ideaforge-10
plugins: cov-7.0.0
collecting ... collected 50 items

tests/test_cli.py::TestParseArgs::test_help_flag PASSED                  [  2%]
tests/test_cli.py::TestParseArgs::test_search_with_query PASSED          [  4%]
tests/test_cli.py::TestParseArgs::test_verbose_flag PASSED               [  6%]
tests/test_cli.py::TestParseArgs::test_format_options PASSED             [  8%]
tests/test_cli.py::TestParseArgs::test_max_results_flag PASSED           [ 10%]
tests/test_cli.py::TestParseArgs::test_short_flags PASSED                [ 12%]
tests/test_cli.py::TestParseArgs::test_missing_command PASSED            [ 14%]
tests/test_cli.py::TestParseArgs::test_missing_query_and_input PASSED    [ 16%]
tests/test_cli.py::TestParseArgs::test_input_flag PASSED                 [ 18%]
tests/test_cli.py::TestParseArgs::test_output_flag PASSED                [ 20%]
tests/test_cli.py::TestParseArgs::test_combined_flags PASSED             [ 22%]
tests/test_cli.py::TestRunSearch::test_search_with_query PASSED          [ 24%]
tests/test_cli.py::TestRunSearch::test_search_with_json_format PASSED    [ 26%]
tests/test_cli.py::TestRunSearch::test_search_with_compact_format PASSED [ 28%]
tests/test_cli.py::TestRunSearch::test_search_with_output_file PASSED    [ 30%]
tests/test_cli.py::TestRunSearch::test_search_with_input_file PASSED     [ 32%]
tests/test_cli.py::TestRunSearch::test_search_with_missing_input_file PASSED [ 34%]
tests/test_cli.py::TestConfigureLogging::test_configure_logging_normal PASSED [ 36%]
tests/test_cli.py::TestConfigureLogging::test_configure_logging_verbose PASSED [ 38%]
tests/test_core.py::TestSearch::test_search_returns_list PASSED          [ 40%]
tests/test_core.py::TestSearch::test_search_returns_results PASSED       [ 42%]
tests/test_core.py::TestSearch::test_search_result_structure PASSED      [ 44%]
tests/test_core.py::TestSearch::test_search_with_custom_max_results PASSED [ 46%]
tests/test_core.py::TestSearch::test_search_includes_query_in_title PASSED [ 48%]
tests/test_security.py::TestValidateFilePath::test_valid_relative_path PASSED [ 50%]
tests/test_security.py::TestValidateFilePath::test_valid_absolute_path PASSED [ 52%]
tests/test_security.py::TestValidateFilePath::test_path_traversal_to_etc_blocked PASSED [ 54%]
tests/test_security.py::TestValidateFilePath::test_etc_directory_blocked PASSED [ 56%]
tests/test_security.py::TestValidateFilePath::test_proc_directory_blocked PASSED [ 58%]
tests/test_security.py::TestValidateFilePath::test_sys_directory_blocked PASSED [ 60%]
tests/test_security.py::TestValidateFilePath::test_dev_directory_blocked PASSED [ 62%]
tests/test_security.py::TestValidateFilePath::test_root_directory_blocked PASSED [ 64%]
tests/test_security.py::TestValidateFilePath::test_check_exists_validates_existence PASSED [ 66%]
tests/test_security.py::TestValidateFilePath::test_check_exists_allows_existing_file PASSED [ 68%]
tests/test_security.py::TestCheckFileSize::test_small_file_allowed PASSED [ 70%]
tests/test_security.py::TestCheckFileSize::test_large_file_rejected PASSED [ 72%]
tests/test_security.py::TestCheckFileSize::test_file_at_limit_allowed PASSED [ 74%]
tests/test_security.py::TestCheckFileSize::test_nonexistent_file_raises_error PASSED [ 76%]
tests/test_security.py::TestCheckFileSize::test_custom_max_size PASSED   [ 78%]
tests/test_security.py::TestPositiveInt::test_valid_positive_integer PASSED [ 80%]
tests/test_security.py::TestPositiveInt::test_zero_rejected PASSED       [ 82%]
tests/test_security.py::TestPositiveInt::test_negative_rejected PASSED   [ 84%]
tests/test_security.py::TestPositiveInt::test_too_large_rejected PASSED  [ 86%]
tests/test_security.py::TestPositiveInt::test_non_integer_rejected PASSED [ 88%]
tests/test_security.py::TestPositiveInt::test_boundary_values PASSED     [ 90%]
tests/test_security.py::TestMaxResultsValidation::test_valid_max_results PASSED [ 92%]
tests/test_security.py::TestMaxResultsValidation::test_max_results_at_boundaries PASSED [ 94%]
tests/test_security.py::TestMaxResultsValidation::test_max_results_zero_rejected PASSED [ 96%]
tests/test_security.py::TestMaxResultsValidation::test_max_results_negative_rejected PASSED [ 98%]
tests/test_security.py::TestMaxResultsValidation::test_max_results_too_large_rejected PASSED [100%]

============================== 50 passed in 0.13s ==============================
