============================= test session starts ==============================
platform linux -- Python 3.12.3, pytest-9.0.2, pluggy-1.6.0 -- /home/apexaipc/projects/yce-harness/generations/metroplex-ideaforge-10/venv/bin/python
cachedir: .pytest_cache
rootdir: /home/apexaipc/projects/yce-harness/generations/metroplex-ideaforge-10
plugins: cov-7.0.0
collecting ... collected 82 items

tests/test_cli.py::TestParseArgs::test_help_flag PASSED                  [  1%]
tests/test_cli.py::TestParseArgs::test_search_with_query PASSED          [  2%]
tests/test_cli.py::TestParseArgs::test_verbose_flag PASSED               [  3%]
tests/test_cli.py::TestParseArgs::test_format_options PASSED             [  4%]
tests/test_cli.py::TestParseArgs::test_max_results_flag PASSED           [  6%]
tests/test_cli.py::TestParseArgs::test_short_flags PASSED                [  7%]
tests/test_cli.py::TestParseArgs::test_missing_command PASSED            [  8%]
tests/test_cli.py::TestParseArgs::test_missing_query_and_input PASSED    [  9%]
tests/test_cli.py::TestParseArgs::test_input_flag PASSED                 [ 10%]
tests/test_cli.py::TestParseArgs::test_output_flag PASSED                [ 12%]
tests/test_cli.py::TestParseArgs::test_combined_flags PASSED             [ 13%]
tests/test_cli.py::TestRunSearch::test_search_with_query PASSED          [ 14%]
tests/test_cli.py::TestRunSearch::test_search_with_json_format PASSED    [ 15%]
tests/test_cli.py::TestRunSearch::test_search_with_compact_format PASSED [ 17%]
tests/test_cli.py::TestRunSearch::test_search_with_output_file PASSED    [ 18%]
tests/test_cli.py::TestRunSearch::test_search_with_input_file PASSED     [ 19%]
tests/test_cli.py::TestRunSearch::test_search_with_missing_input_file PASSED [ 20%]
tests/test_cli.py::TestRunSearch::test_search_with_invalid_query PASSED  [ 21%]
tests/test_cli.py::TestRunSearch::test_search_with_stdin PASSED          [ 23%]
tests/test_cli.py::TestConfigureLogging::test_configure_logging_normal PASSED [ 24%]
tests/test_cli.py::TestConfigureLogging::test_configure_logging_verbose PASSED [ 25%]
tests/test_core.py::TestSearchResult::test_search_result_creation PASSED [ 26%]
tests/test_core.py::TestSearchResult::test_search_result_to_dict PASSED  [ 28%]
tests/test_core.py::TestEstimateTokens::test_estimate_tokens_with_text PASSED [ 29%]
tests/test_core.py::TestEstimateTokens::test_estimate_tokens_with_empty_string PASSED [ 30%]
tests/test_core.py::TestEstimateTokens::test_estimate_tokens_approximation PASSED [ 31%]
tests/test_core.py::TestCalculateRelevance::test_calculate_relevance_exact_title_match PASSED [ 32%]
tests/test_core.py::TestCalculateRelevance::test_calculate_relevance_content_match PASSED [ 34%]
tests/test_core.py::TestCalculateRelevance::test_calculate_relevance_tag_match PASSED [ 35%]
tests/test_core.py::TestCalculateRelevance::test_calculate_relevance_no_match PASSED [ 36%]
tests/test_core.py::TestCalculateRelevance::test_calculate_relevance_with_empty_query PASSED [ 37%]
tests/test_core.py::TestTruncateSnippet::test_truncate_snippet_short_content PASSED [ 39%]
tests/test_core.py::TestTruncateSnippet::test_truncate_snippet_long_content PASSED [ 40%]
tests/test_core.py::TestTruncateSnippet::test_truncate_snippet_with_query_term PASSED [ 41%]
tests/test_core.py::TestTruncateSnippet::test_truncate_snippet_custom_max_length PASSED [ 42%]
tests/test_core.py::TestValidateQuery::test_validate_query_valid PASSED  [ 43%]
tests/test_core.py::TestValidateQuery::test_validate_query_strips_whitespace PASSED [ 45%]
tests/test_core.py::TestValidateQuery::test_validate_query_empty_raises_error PASSED [ 46%]
tests/test_core.py::TestValidateQuery::test_validate_query_whitespace_only_raises_error PASSED [ 47%]
tests/test_core.py::TestValidateQuery::test_validate_query_too_long_raises_error PASSED [ 48%]
tests/test_core.py::TestValidateQuery::test_validate_query_max_length_allowed PASSED [ 50%]
tests/test_core.py::TestSearch::test_search_returns_list PASSED          [ 51%]
tests/test_core.py::TestSearch::test_search_returns_results PASSED       [ 52%]
tests/test_core.py::TestSearch::test_search_result_structure PASSED      [ 53%]
tests/test_core.py::TestSearch::test_search_with_custom_max_results PASSED [ 54%]
tests/test_core.py::TestSearch::test_search_empty_query_raises_error PASSED [ 56%]
tests/test_core.py::TestSearch::test_search_whitespace_query_raises_error PASSED [ 57%]
tests/test_core.py::TestSearch::test_search_too_long_query_raises_error PASSED [ 58%]
tests/test_core.py::TestSearch::test_search_results_sorted_by_relevance PASSED [ 59%]
tests/test_core.py::TestSearch::test_search_relevance_in_range PASSED    [ 60%]
tests/test_core.py::TestSearch::test_search_token_count_present PASSED   [ 62%]
tests/test_core.py::TestSearch::test_search_with_custom_knowledge_base PASSED [ 63%]
tests/test_core.py::TestSearch::test_search_no_matches_returns_empty_list PASSED [ 64%]
tests/test_core.py::TestSearch::test_search_specific_topics PASSED       [ 65%]
tests/test_core.py::TestSearch::test_search_max_results_limit PASSED     [ 67%]
tests/test_core.py::TestSearch::test_search_url_field_present PASSED     [ 68%]
tests/test_security.py::TestValidateFilePath::test_valid_relative_path PASSED [ 69%]
tests/test_security.py::TestValidateFilePath::test_valid_absolute_path PASSED [ 70%]
tests/test_security.py::TestValidateFilePath::test_path_traversal_to_etc_blocked PASSED [ 71%]
tests/test_security.py::TestValidateFilePath::test_etc_directory_blocked PASSED [ 73%]
tests/test_security.py::TestValidateFilePath::test_proc_directory_blocked PASSED [ 74%]
tests/test_security.py::TestValidateFilePath::test_sys_directory_blocked PASSED [ 75%]
tests/test_security.py::TestValidateFilePath::test_dev_directory_blocked PASSED [ 76%]
tests/test_security.py::TestValidateFilePath::test_root_directory_blocked PASSED [ 78%]
tests/test_security.py::TestValidateFilePath::test_check_exists_validates_existence PASSED [ 79%]
tests/test_security.py::TestValidateFilePath::test_check_exists_allows_existing_file PASSED [ 80%]
tests/test_security.py::TestCheckFileSize::test_small_file_allowed PASSED [ 81%]
tests/test_security.py::TestCheckFileSize::test_large_file_rejected PASSED [ 82%]
tests/test_security.py::TestCheckFileSize::test_file_at_limit_allowed PASSED [ 84%]
tests/test_security.py::TestCheckFileSize::test_nonexistent_file_raises_error PASSED [ 85%]
tests/test_security.py::TestCheckFileSize::test_custom_max_size PASSED   [ 86%]
tests/test_security.py::TestPositiveInt::test_valid_positive_integer PASSED [ 87%]
tests/test_security.py::TestPositiveInt::test_zero_rejected PASSED       [ 89%]
tests/test_security.py::TestPositiveInt::test_negative_rejected PASSED   [ 90%]
tests/test_security.py::TestPositiveInt::test_too_large_rejected PASSED  [ 91%]
tests/test_security.py::TestPositiveInt::test_non_integer_rejected PASSED [ 92%]
tests/test_security.py::TestPositiveInt::test_boundary_values PASSED     [ 93%]
tests/test_security.py::TestMaxResultsValidation::test_valid_max_results PASSED [ 95%]
tests/test_security.py::TestMaxResultsValidation::test_max_results_at_boundaries PASSED [ 96%]
tests/test_security.py::TestMaxResultsValidation::test_max_results_zero_rejected PASSED [ 97%]
tests/test_security.py::TestMaxResultsValidation::test_max_results_negative_rejected PASSED [ 98%]
tests/test_security.py::TestMaxResultsValidation::test_max_results_too_large_rejected PASSED [100%]

============================== 82 passed in 0.26s ==============================
